<?xml version="1.0" encoding="UTF-8"?>
<testng-results skipped="0" failed="0" ignored="0" total="1" passed="1">
  <reporter-output>
  </reporter-output>
  <suite name="Suite" duration-ms="6070" started-at="2019-08-27T09:50:22Z" finished-at="2019-08-27T09:50:28Z">
    <groups>
    </groups>
    <test name="Test" duration-ms="6070" started-at="2019-08-27T09:50:22Z" finished-at="2019-08-27T09:50:28Z">
      <class name="TC1">
        <test-method status="PASS" signature="m1()[pri:0, instance:TC1@6bf256fa]" name="m1" duration-ms="6042" started-at="2019-08-27T09:50:22Z" finished-at="2019-08-27T09:50:28Z">
          <reporter-output>
          </reporter-output>
        </test-method> <!-- m1 -->
      </class> <!-- TC1 -->
    </test> <!-- Test -->
  </suite> <!-- Suite -->
</testng-results>
