<?xml version="1.0" encoding="UTF-8"?>
<testng-results skipped="0" failed="0" total="1" passed="1">
  <reporter-output>
  </reporter-output>
  <suite name="Suite" duration-ms="5755" started-at="2019-08-27T07:46:47Z" finished-at="2019-08-27T07:46:53Z">
    <groups>
    </groups>
    <test name="Test" duration-ms="5755" started-at="2019-08-27T07:46:47Z" finished-at="2019-08-27T07:46:53Z">
      <class name="TC1">
        <test-method status="PASS" signature="m1()[pri:0, instance:TC1@4520ebad]" name="m1" duration-ms="5742" started-at="2019-08-27T13:16:47Z" finished-at="2019-08-27T13:16:53Z">
          <reporter-output>
          </reporter-output>
        </test-method> <!-- m1 -->
      </class> <!-- TC1 -->
    </test> <!-- Test -->
  </suite> <!-- Suite -->
</testng-results>
